#-----------------------------------------------------------
# Vivado v2016.4 (64-bit)
# SW Build 1756540 on Mon Jan 23 19:11:23 MST 2017
# IP Build 1755317 on Mon Jan 23 20:30:07 MST 2017
# Start of session at: Sat May 06 14:47:26 2017
# Process ID: 5604
# Current directory: f:/digilent final code/DigilentDesignContest
# Command line: vivado.exe -gui_launcher_event rodinguilauncherevent6756 F:\digilent final code\DigilentDesignContest\DigilentDesignContest.xpr
# Log file: f:/digilent final code/DigilentDesignContest/vivado.log
# Journal file: f:/digilent final code/DigilentDesignContest\vivado.jou
#-----------------------------------------------------------
start_gui
open_project {F:/digilent final code/DigilentDesignContest/DigilentDesignContest.xpr}
INFO: [Project 1-313] Project file moved from 'E:/FPGA/DigilentDesignContest' since last save.
Scanning sources...
Finished scanning sources
INFO: [IP_Flow 19-234] Refreshing IP repositories
INFO: [IP_Flow 19-1704] No user IP repositories specified
INFO: [IP_Flow 19-2313] Loaded Vivado IP repository 'D:/Xilinx/Vivado/2016.4/data/ip'.
open_project: Time (s): cpu = 00:00:07 ; elapsed = 00:00:06 . Memory (MB): peak = 810.102 ; gain = 149.758
