#-----------------------------------------------------------
# Vivado v2016.4 (64-bit)
# SW Build 1733598 on Wed Dec 14 22:35:39 MST 2016
# IP Build 1731160 on Wed Dec 14 23:47:21 MST 2016
# Start of session at: Sun May 07 01:07:37 2017
# Process ID: 1796
# Current directory: C:/Users/bara_/Downloads/DigilentDesignContest-20170506T220549Z-001/DigilentDesignContest
# Command line: vivado.exe -gui_launcher_event rodinguilauncherevent1804 C:\Users\bara_\Downloads\DigilentDesignContest-20170506T220549Z-001\DigilentDesignContest\DigilentDesignContest.xpr
# Log file: C:/Users/bara_/Downloads/DigilentDesignContest-20170506T220549Z-001/DigilentDesignContest/vivado.log
# Journal file: C:/Users/bara_/Downloads/DigilentDesignContest-20170506T220549Z-001/DigilentDesignContest\vivado.jou
#-----------------------------------------------------------
start_gui
open_project C:/Users/bara_/Downloads/DigilentDesignContest-20170506T220549Z-001/DigilentDesignContest/DigilentDesignContest.xpr
INFO: [ProjectBase 1-489] The host OS only allows 260 characters in a normal path. The project is stored in a path with more than 80 characters. If you experience issues with IP, Block Designs, or files not being found, please consider moving the project to a location with a shorter path. Alternately consider using the OS subst command to map part of the path to a drive letter.
Current project path is 'C:/Users/bara_/Downloads/DigilentDesignContest-20170506T220549Z-001/DigilentDesignContest'
INFO: [Project 1-313] Project file moved from 'D:/Victor/concurs/Digilent/finalArchive/22CJRO/22CJRO_Project/Source/ZYBO/DigilentDesignContest' since last save.
Scanning sources...
Finished scanning sources
INFO: [IP_Flow 19-234] Refreshing IP repositories
INFO: [IP_Flow 19-1704] No user IP repositories specified
INFO: [IP_Flow 19-2313] Loaded Vivado IP repository 'D:/Xilinx/Vivado/2016.4/data/ip'.
oopen_project: Time (s): cpu = 00:00:09 ; elapsed = 00:00:09 . Memory (MB): peak = 769.664 ; gain = 142.855exit
INFO: [Common 17-206] Exiting Vivado at Sun May 07 01:08:14 2017...

