#-----------------------------------------------------------
# Vivado v2016.3 (64-bit)
# SW Build 1682563 on Mon Oct 10 19:07:27 MDT 2016
# IP Build 1681267 on Mon Oct 10 21:28:31 MDT 2016
# Start of session at: Sun Mar 05 21:38:17 2017
# Process ID: 5400
# Current directory: E:/FPGA/senzor_ultrasonic_Sabau
# Command line: vivado.exe -gui_launcher_event rodinguilauncherevent6360 E:\FPGA\senzor_ultrasonic_Sabau\senzor_ultrasonic_Sabau.xpr
# Log file: E:/FPGA/senzor_ultrasonic_Sabau/vivado.log
# Journal file: E:/FPGA/senzor_ultrasonic_Sabau\vivado.jou
#-----------------------------------------------------------
start_gui
open_project E:/FPGA/senzor_ultrasonic_Sabau/senzor_ultrasonic_Sabau.xpr
Scanning sources...
Finished scanning sources
WARNING: [filemgmt 56-3] IP Output Repository Path: Could not find the directory 'E:/FPGA/senzor_ultrasonic_Sabau/senzor_ultrasonic_Sabau.cache/ip'.
INFO: [IP_Flow 19-234] Refreshing IP repositories
INFO: [IP_Flow 19-1704] No user IP repositories specified
INFO: [IP_Flow 19-2313] Loaded Vivado IP repository 'E:/Programe/Vivado/Vivado/2016.3/data/ip'.
open_project: Time (s): cpu = 00:00:12 ; elapsed = 00:00:13 . Memory (MB): peak = 728.652 ; gain = 124.582
remove_files  E:/FPGA/senzor_ultrasonic_Sabau/senzor_ultrasonic_Sabau.srcs/sources_1/new/blink_100khz.vhd
reset_run synth_1
WARNING: [Vivado 12-1017] Problems encountered:
1. Failed to delete one or more files in run directory E:/FPGA/senzor_ultrasonic_Sabau/senzor_ultrasonic_Sabau.runs/synth_1

launch_runs synth_1
INFO: [HDL 9-1061] Parsing VHDL file "E:/FPGA/senzor_ultrasonic_Sabau/senzor_ultrasonic_Sabau.srcs/sources_1/new/clk_divider_100KHz.vhd" into library xil_defaultlib [E:/FPGA/senzor_ultrasonic_Sabau/senzor_ultrasonic_Sabau.srcs/sources_1/new/clk_divider_100KHz.vhd:1]
[Sun Mar 05 21:51:04 2017] Launched synth_1...
Run output will be captured here: E:/FPGA/senzor_ultrasonic_Sabau/senzor_ultrasonic_Sabau.runs/synth_1/runme.log
launch_runs impl_1
[Sun Mar 05 21:51:48 2017] Launched impl_1...
Run output will be captured here: E:/FPGA/senzor_ultrasonic_Sabau/senzor_ultrasonic_Sabau.runs/impl_1/runme.log
launch_runs impl_1 -to_step write_bitstream
[Sun Mar 05 21:53:04 2017] Launched impl_1...
Run output will be captured here: E:/FPGA/senzor_ultrasonic_Sabau/senzor_ultrasonic_Sabau.runs/impl_1/runme.log
open_hw
INFO: [Labtools 27-2285] Connecting to hw_server url TCP:localhost:3121
disconnect_hw_server localhost:3121
connect_hw_server -url localhost:3121
INFO: [Labtools 27-2285] Connecting to hw_server url TCP:localhost:3121
current_hw_target [get_hw_targets */xilinx_tcf/Digilent/210279654330A]
set_property PARAM.FREQUENCY 15000000 [get_hw_targets */xilinx_tcf/Digilent/210279654330A]
open_hw_target
INFO: [Labtoolstcl 44-466] Opening hw_target localhost:3121/xilinx_tcf/Digilent/210279654330A
set_property PROGRAM.FILE {E:/FPGA/senzor_ultrasonic_Sabau/senzor_ultrasonic_Sabau.runs/impl_1/ultrasonic.bit} [lindex [get_hw_devices xc7z010_1] 0]
current_hw_device [lindex [get_hw_devices xc7z010_1] 0]
refresh_hw_device -update_hw_probes false [lindex [get_hw_devices xc7z010_1] 0]
INFO: [Labtools 27-1435] Device xc7z010 (JTAG device index = 1) is not programmed (DONE status = 0).
set_property PROBES.FILE {} [lindex [get_hw_devices xc7z010_1] 0]
set_property PROGRAM.FILE {E:/FPGA/senzor_ultrasonic_Sabau/senzor_ultrasonic_Sabau.runs/impl_1/ultrasonic.bit} [lindex [get_hw_devices xc7z010_1] 0]
program_hw_devices [lindex [get_hw_devices xc7z010_1] 0]
INFO: [Labtools 27-3164] End of startup status: HIGH
refresh_hw_device [lindex [get_hw_devices xc7z010_1] 0]
INFO: [Labtools 27-1434] Device xc7z010 (JTAG device index = 1) is programmed with a design that has no supported debug core(s) in it.
WARNING: [Labtools 27-3123] The debug hub core was not detected at User Scan Chain 1 or 3.
Resolution: 
1. Make sure the clock connected to the debug hub (dbg_hub) core is a free running clock and is active OR
2. Manually launch hw_server with -e "set xsdb-user-bscan <C_USER_SCAN_CHAIN scan_chain_number>" to detect the debug hub at User Scan Chain of 2 or 4. To determine the user scan chain setting, open the implemented design and use: get_property C_USER_SCAN_CHAIN [get_debug_cores dbg_hub].
reset_run synth_1
WARNING: [Vivado 12-1017] Problems encountered:
1. Failed to delete one or more files in run directory E:/FPGA/senzor_ultrasonic_Sabau/senzor_ultrasonic_Sabau.runs/synth_1

launch_runs synth_1
INFO: [HDL 9-1061] Parsing VHDL file "E:/FPGA/senzor_ultrasonic_Sabau/senzor_ultrasonic_Sabau.srcs/sources_1/new/clk_divider_100KHz.vhd" into library xil_defaultlib [E:/FPGA/senzor_ultrasonic_Sabau/senzor_ultrasonic_Sabau.srcs/sources_1/new/clk_divider_100KHz.vhd:1]
[Sun Mar 05 22:00:02 2017] Launched synth_1...
Run output will be captured here: E:/FPGA/senzor_ultrasonic_Sabau/senzor_ultrasonic_Sabau.runs/synth_1/runme.log
launch_runs impl_1
[Sun Mar 05 22:00:45 2017] Launched impl_1...
Run output will be captured here: E:/FPGA/senzor_ultrasonic_Sabau/senzor_ultrasonic_Sabau.runs/impl_1/runme.log
launch_runs impl_1 -to_step write_bitstream
[Sun Mar 05 22:02:09 2017] Launched impl_1...
Run output will be captured here: E:/FPGA/senzor_ultrasonic_Sabau/senzor_ultrasonic_Sabau.runs/impl_1/runme.log
disconnect_hw_server localhost:3121
INFO: [Labtools 27-2285] Connecting to hw_server url TCP:localhost:3121
disconnect_hw_server localhost:3121
connect_hw_server -url localhost:3121
INFO: [Labtools 27-2285] Connecting to hw_server url TCP:localhost:3121
current_hw_target [get_hw_targets */xilinx_tcf/Digilent/210279654330A]
set_property PARAM.FREQUENCY 15000000 [get_hw_targets */xilinx_tcf/Digilent/210279654330A]
open_hw_target
INFO: [Labtoolstcl 44-466] Opening hw_target localhost:3121/xilinx_tcf/Digilent/210279654330A
set_property PROGRAM.FILE {E:/FPGA/senzor_ultrasonic_Sabau/senzor_ultrasonic_Sabau.runs/impl_1/ultrasonic.bit} [lindex [get_hw_devices xc7z010_1] 0]
current_hw_device [lindex [get_hw_devices xc7z010_1] 0]
refresh_hw_device -update_hw_probes false [lindex [get_hw_devices xc7z010_1] 0]
INFO: [Labtools 27-1434] Device xc7z010 (JTAG device index = 1) is programmed with a design that has no supported debug core(s) in it.
WARNING: [Labtools 27-3123] The debug hub core was not detected at User Scan Chain 1 or 3.
Resolution: 
1. Make sure the clock connected to the debug hub (dbg_hub) core is a free running clock and is active OR
2. Manually launch hw_server with -e "set xsdb-user-bscan <C_USER_SCAN_CHAIN scan_chain_number>" to detect the debug hub at User Scan Chain of 2 or 4. To determine the user scan chain setting, open the implemented design and use: get_property C_USER_SCAN_CHAIN [get_debug_cores dbg_hub].
set_property PROBES.FILE {} [lindex [get_hw_devices xc7z010_1] 0]
set_property PROGRAM.FILE {E:/FPGA/senzor_ultrasonic_Sabau/senzor_ultrasonic_Sabau.runs/impl_1/ultrasonic.bit} [lindex [get_hw_devices xc7z010_1] 0]
program_hw_devices [lindex [get_hw_devices xc7z010_1] 0]
INFO: [Labtools 27-3164] End of startup status: HIGH
refresh_hw_device [lindex [get_hw_devices xc7z010_1] 0]
INFO: [Labtools 27-1434] Device xc7z010 (JTAG device index = 1) is programmed with a design that has no supported debug core(s) in it.
WARNING: [Labtools 27-3123] The debug hub core was not detected at User Scan Chain 1 or 3.
Resolution: 
1. Make sure the clock connected to the debug hub (dbg_hub) core is a free running clock and is active OR
2. Manually launch hw_server with -e "set xsdb-user-bscan <C_USER_SCAN_CHAIN scan_chain_number>" to detect the debug hub at User Scan Chain of 2 or 4. To determine the user scan chain setting, open the implemented design and use: get_property C_USER_SCAN_CHAIN [get_debug_cores dbg_hub].
exit
INFO: [Common 17-206] Exiting Vivado at Sun Mar 05 22:17:13 2017...
