#-----------------------------------------------------------
# Vivado v2016.3 (64-bit)
# SW Build 1682563 on Mon Oct 10 19:07:27 MDT 2016
# IP Build 1681267 on Mon Oct 10 21:28:31 MDT 2016
# Start of session at: Mon Mar 06 20:58:30 2017
# Process ID: 7000
# Current directory: E:/FPGA/senzor_ultrasonic_Sabau
# Command line: vivado.exe -gui_launcher_event rodinguilauncherevent7868 E:\FPGA\senzor_ultrasonic_Sabau\senzor_ultrasonic_Sabau.xpr
# Log file: E:/FPGA/senzor_ultrasonic_Sabau/vivado.log
# Journal file: E:/FPGA/senzor_ultrasonic_Sabau\vivado.jou
#-----------------------------------------------------------
start_gui
open_project E:/FPGA/senzor_ultrasonic_Sabau/senzor_ultrasonic_Sabau.xpr
Scanning sources...
Finished scanning sources
WARNING: [filemgmt 56-3] IP Output Repository Path: Could not find the directory 'E:/FPGA/senzor_ultrasonic_Sabau/senzor_ultrasonic_Sabau.cache/ip'.
INFO: [IP_Flow 19-234] Refreshing IP repositories
INFO: [IP_Flow 19-1704] No user IP repositories specified
INFO: [IP_Flow 19-2313] Loaded Vivado IP repository 'E:/Programe/Vivado/Vivado/2016.3/data/ip'.
open_project: Time (s): cpu = 00:00:10 ; elapsed = 00:00:05 . Memory (MB): peak = 742.707 ; gain = 115.184
exit
INFO: [Common 17-206] Exiting Vivado at Mon Mar 06 23:11:57 2017...
