#-----------------------------------------------------------
# Vivado v2016.4 (64-bit)
# SW Build 1733598 on Wed Dec 14 22:35:39 MST 2016
# IP Build 1731160 on Wed Dec 14 23:47:21 MST 2016
# Start of session at: Fri Apr 07 20:18:00 2017
# Process ID: 2964
# Current directory: C:/Users/bara_/Desktop/senzor_ultrasonic_Sabau
# Command line: vivado.exe -gui_launcher_event rodinguilauncherevent1084 C:\Users\bara_\Desktop\senzor_ultrasonic_Sabau\senzor_ultrasonic_Sabau.xpr
# Log file: C:/Users/bara_/Desktop/senzor_ultrasonic_Sabau/vivado.log
# Journal file: C:/Users/bara_/Desktop/senzor_ultrasonic_Sabau\vivado.jou
#-----------------------------------------------------------
start_gui
open_project C:/Users/bara_/Desktop/senzor_ultrasonic_Sabau/senzor_ultrasonic_Sabau.xpr
INFO: [Project 1-313] Project file moved from 'E:/FPGA/senzor_ultrasonic_Sabau' since last save.
Scanning sources...
Finished scanning sources
INFO: [IP_Flow 19-234] Refreshing IP repositories
INFO: [IP_Flow 19-1704] No user IP repositories specified
INFO: [IP_Flow 19-2313] Loaded Vivado IP repository 'D:/Xilinx/Vivado/2016.4/data/ip'.
exit
INFO: [Common 17-206] Exiting Vivado at Fri Apr 07 23:01:56 2017...
